<?xml version="1.0" encoding="UTF-8"?>
<!-- Generated by org.testng.reporters.JUnitReportReporter -->
<testsuite hostname="DESKTOP-SSTGA1B" failures="0" tests="1" name="TestCases.DeleteUserTC5" time="21.616" errors="0" timestamp="2024-10-06T10:18:04 IST" skipped="0">
  <testcase classname="TestCases.DeleteUserTC5" name="deleteUserTC5" time="21.616"/>
</testsuite> <!-- TestCases.DeleteUserTC5 -->
