<?xml version="1.0" encoding="UTF-8"?>
<!-- Generated by org.testng.reporters.JUnitReportReporter -->
<testsuite hostname="DESKTOP-SSTGA1B" failures="0" tests="1" name="TestCases.LoginTC2InvalidUser" time="9.152" errors="0" timestamp="2024-10-18T09:22:00 IST" skipped="0">
  <testcase classname="TestCases.LoginTC2InvalidUser" name="loginTC2" time="9.152"/>
</testsuite> <!-- TestCases.LoginTC2InvalidUser -->
