<?xml version="1.0" encoding="UTF-8"?>
<!-- Generated by org.testng.reporters.JUnitReportReporter -->
<testsuite hostname="DESKTOP-SSTGA1B" failures="0" tests="1" name="TestCases.LoginTC01" time="8.900" errors="0" timestamp="2024-10-18T09:22:00 IST" skipped="0">
  <testcase classname="TestCases.LoginTC01" name="loginTc01" time="8.900"/>
</testsuite> <!-- TestCases.LoginTC01 -->
