<?xml version="1.0" encoding="UTF-8"?>
<!-- Generated by org.testng.reporters.JUnitReportReporter -->
<testsuite hostname="DESKTOP-SSTGA1B" failures="0" tests="1" name="ExtentReportsBasics.OptimisingExtentReports3" time="0.006" errors="0" timestamp="2024-10-18T09:57:44 IST" skipped="0">
  <testcase classname="ExtentReportsBasics.OptimisingExtentReports3" name="testB" time="0.006"/>
</testsuite> <!-- ExtentReportsBasics.OptimisingExtentReports3 -->
