<?xml version="1.0" encoding="UTF-8"?>
<!-- Generated by org.testng.reporters.JUnitReportReporter -->
<testsuite hostname="DESKTOP-SSTGA1B" failures="0" tests="1" name="TestCases.SearchForValidUserTc04" time="15.964" errors="0" timestamp="2024-10-06T09:31:18 IST" skipped="0">
  <testcase classname="TestCases.SearchForValidUserTc04" name="searchForValidUserTc04" time="15.964"/>
</testsuite> <!-- TestCases.SearchForValidUserTc04 -->
