<?xml version="1.0" encoding="UTF-8"?>
<!-- Generated by org.testng.reporters.JUnitReportReporter -->
<testsuite hostname="DESKTOP-SSTGA1B" failures="0" tests="1" name="TestCases.CreateMultipleUsersTc06" time="4.228" errors="0" timestamp="2024-10-07T09:51:11 IST" skipped="0">
  <testcase classname="TestCases.CreateMultipleUsersTc06" name="createMultipleUsersTc06" time="4.228"/>
</testsuite> <!-- TestCases.CreateMultipleUsersTc06 -->
