<?xml version="1.0" encoding="UTF-8"?>
<!-- Generated by org.testng.reporters.JUnitReportReporter -->
<testsuite hostname="DESKTOP-SSTGA1B" failures="0" tests="1" name="com.birla.MobileTest" time="0.008" errors="0" timestamp="2024-10-19T09:08:45 IST" skipped="0">
  <testcase classname="com.birla.MobileTest" name="testA" time="0.008"/>
</testsuite> <!-- com.birla.MobileTest -->
